Using pre-set license

 COMMAND LINE ARGUMENTS:
/Users/yutaro_tamahashi/workspace/unity/2020.2.1f1/Unity.app/Contents/MacOS/Unity
-adb2
-batchMode
-noUpm
-name
AssetImportWorker0
-projectPath
/Users/yutaro_tamahashi/workspace/VRCardGameProject/VRcardgame
-logFile
Logs/AssetImportWorker0.log
-srvPort
58421
Successfully changed project path to: /Users/yutaro_tamahashi/workspace/VRCardGameProject/VRcardgame
/Users/yutaro_tamahashi/workspace/VRCardGameProject/VRcardgame
Using Asset Import Pipeline V2.
Refreshing native plugins compatible for Editor in 119.20 ms, found 6 plugins.
Preloading 1 native plugins for Editor in 33.31 ms.
Initialize engine version: 2020.2.1f1 (270dd8c3da1c)
[Subsystems] Discovering subsystems at path /Users/yutaro_tamahashi/workspace/unity/2020.2.1f1/Unity.app/Contents/Resources/UnitySubsystems
[Subsystems] Discovering subsystems at path /Users/yutaro_tamahashi/workspace/VRCardGameProject/VRcardgame/Assets
GfxDevice: creating device client; threaded=0
2021-02-04 12:09:28.686 Unity[6858:257156] Color LCD preferred device: Intel(R) Iris(TM) Graphics 540 (low power)
2021-02-04 12:09:28.686 Unity[6858:257156] Metal devices available: 1
2021-02-04 12:09:28.686 Unity[6858:257156] 0: Intel(R) Iris(TM) Graphics 540 (low power)
2021-02-04 12:09:28.687 Unity[6858:257156] Using device Intel(R) Iris(TM) Graphics 540 (low power)
Initializing Metal device caps: Intel(R) Iris(TM) Graphics 540
Shader 'Oculus/OVRMRCameraFrameLit': fallback shader 'Alpha-Diffuse' not found
Initialize mono
Mono path[0] = '/Users/yutaro_tamahashi/workspace/unity/2020.2.1f1/Unity.app/Contents/Managed'
Mono path[1] = '/Users/yutaro_tamahashi/workspace/unity/2020.2.1f1/Unity.app/Contents/MonoBleedingEdge/lib/mono/unityjit'
Mono config path = '/Users/yutaro_tamahashi/workspace/unity/2020.2.1f1/Unity.app/Contents/MonoBleedingEdge/etc'
Using monoOptions --debugger-agent=transport=dt_socket,embedding=1,server=y,suspend=n,address=127.0.0.1:56858
Begin MonoManager ReloadAssembly
Registering precompiled unity dll's ...
Register platform support module: /Users/yutaro_tamahashi/workspace/unity/2020.2.1f1/PlaybackEngines/WebGLSupport/UnityEditor.WebGL.Extensions.dll
Register platform support module: /Users/yutaro_tamahashi/workspace/unity/2020.2.1f1/Unity.app/Contents/PlaybackEngines/MacStandaloneSupport/UnityEditor.OSXStandalone.Extensions.dll
Registered in 0.000804 seconds.
Native extension for OSXStandalone target not found
Native extension for WebGL target not found
Refreshing native plugins compatible for Editor in 79.19 ms, found 6 plugins.
Preloading 1 native plugins for Editor in 0.58 ms.
Invoked RoslynAnalysisRunner static constructor.
RoslynAnalysisRunner will not be running.
RoslynAnalysisRunner has terminated.
Mono: successfully reloaded assembly
- Completed reload, in  7.978 seconds
Platform modules already initialized, skipping
Registering precompiled user dll's ...
Registered in 0.036518 seconds.
Begin MonoManager ReloadAssembly
Symbol file LoadedFromMemory is not a mono symbol file
Native extension for OSXStandalone target not found
Native extension for WebGL target not found
Refreshing native plugins compatible for Editor in 0.89 ms, found 6 plugins.
Preloading 1 native plugins for Editor in 0.57 ms.
Invoked RoslynAnalysisRunner static constructor.
RoslynAnalysisRunner will not be running.
RoslynAnalysisRunner has terminated.
Mono: successfully reloaded assembly
- Completed reload, in  1.435 seconds
Platform modules already initialized, skipping
========================================================================
Worker process is ready to serve import requests
Shader 'Oculus/OVRMRCameraFrameLit': fallback shader 'Alpha-Diffuse' not found
Launching external process: /Users/yutaro_tamahashi/workspace/unity/2020.2.1f1/Unity.app/Contents/Tools/UnityShaderCompiler
Launched and connected shader compiler UnityShaderCompiler after 0.04 seconds
Refreshing native plugins compatible for Editor in 1.20 ms, found 6 plugins.
Preloading 1 native plugins for Editor in 0.88 ms.
Unloading 1968 Unused Serialized files (Serialized files now loaded: 0)
System memory in use before: 174.3 MB.
System memory in use after: 174.0 MB.

Unloading 40 unused Assets to reduce memory usage. Loaded Objects now: 2389.
Total: 4.473898 ms (FindLiveObjects: 0.541550 ms CreateObjectMapping: 0.343622 ms MarkObjects: 3.104466 ms  DeleteObjects: 0.482132 ms)

